[INFO] Scanning for projects...
[INFO] 
[INFO] ---------------------< org.unir:ms-book-catalogue >---------------------
[INFO] Building ms-book-catalogue 0.0.1-SNAPSHOT
[INFO]   from pom.xml
[INFO] --------------------------------[ jar ]---------------------------------
[INFO] 
[INFO] --- clean:3.3.2:clean (default-clean) @ ms-book-catalogue ---
[INFO] Deleting C:\Users\DTI\Desktop\UNIR\FULL-STACK\ACTIVIDAD3\ms-book-catalogue\target
[INFO] 
[INFO] --- resources:3.3.1:resources (default-resources) @ ms-book-catalogue ---
[INFO] Copying 1 resource from src\main\resources to target\classes
[INFO] Copying 0 resource from src\main\resources to target\classes
[INFO] 
[INFO] --- compiler:3.11.0:compile (default-compile) @ ms-book-catalogue ---
[INFO] Changes detected - recompiling the module! :source
[INFO] Compiling 15 source files with javac [debug release 17] to target\classes
[INFO] 
[INFO] --- resources:3.3.1:testResources (default-testResources) @ ms-book-catalogue ---
[INFO] skip non existing resourceDirectory C:\Users\DTI\Desktop\UNIR\FULL-STACK\ACTIVIDAD3\ms-book-catalogue\src\test\resources
[INFO] 
[INFO] --- compiler:3.11.0:testCompile (default-testCompile) @ ms-book-catalogue ---
[INFO] Changes detected - recompiling the module! :dependency
[INFO] Compiling 2 source files with javac [debug release 17] to target\test-classes
[INFO] -------------------------------------------------------------
[ERROR] COMPILATION ERROR : 
[INFO] -------------------------------------------------------------
[ERROR] /C:/Users/DTI/Desktop/UNIR/FULL-STACK/ACTIVIDAD3/ms-book-catalogue/src/test/java/Test.java:[1,1] unmappable character (0xFF) for encoding UTF-8
[ERROR] /C:/Users/DTI/Desktop/UNIR/FULL-STACK/ACTIVIDAD3/ms-book-catalogue/src/test/java/Test.java:[1,2] unmappable character (0xFE) for encoding UTF-8
[ERROR] /C:/Users/DTI/Desktop/UNIR/FULL-STACK/ACTIVIDAD3/ms-book-catalogue/src/test/java/Test.java:[1,1] illegal character: '\ufffd'
[ERROR] /C:/Users/DTI/Desktop/UNIR/FULL-STACK/ACTIVIDAD3/ms-book-catalogue/src/test/java/Test.java:[1,2] illegal character: '\ufffd'
[ERROR] /C:/Users/DTI/Desktop/UNIR/FULL-STACK/ACTIVIDAD3/ms-book-catalogue/src/test/java/Test.java:[1,3] class, interface, enum, or record expected
[ERROR] /C:/Users/DTI/Desktop/UNIR/FULL-STACK/ACTIVIDAD3/ms-book-catalogue/src/test/java/Test.java:[1,18] illegal character: '\u0000'
[ERROR] /C:/Users/DTI/Desktop/UNIR/FULL-STACK/ACTIVIDAD3/ms-book-catalogue/src/test/java/Test.java:[1,28] illegal character: '\u0000'
[ERROR] /C:/Users/DTI/Desktop/UNIR/FULL-STACK/ACTIVIDAD3/ms-book-catalogue/src/test/java/Test.java:[1,30] illegal character: '\u0000'
[ERROR] /C:/Users/DTI/Desktop/UNIR/FULL-STACK/ACTIVIDAD3/ms-book-catalogue/src/test/java/Test.java:[1,31] class, interface, enum, or record expected
[ERROR] /C:/Users/DTI/Desktop/UNIR/FULL-STACK/ACTIVIDAD3/ms-book-catalogue/src/test/java/Test.java:[1,44] illegal character: '\u0000'
[ERROR] /C:/Users/DTI/Desktop/UNIR/FULL-STACK/ACTIVIDAD3/ms-book-catalogue/src/test/java/Test.java:[1,52] illegal character: '\u0000'
[ERROR] /C:/Users/DTI/Desktop/UNIR/FULL-STACK/ACTIVIDAD3/ms-book-catalogue/src/test/java/Test.java:[1,84] illegal character: '\u0000'
[ERROR] /C:/Users/DTI/Desktop/UNIR/FULL-STACK/ACTIVIDAD3/ms-book-catalogue/src/test/java/Test.java:[1,94] illegal character: '\u0000'
[ERROR] /C:/Users/DTI/Desktop/UNIR/FULL-STACK/ACTIVIDAD3/ms-book-catalogue/src/test/java/Test.java:[1,122] illegal character: '\u0000'
[ERROR] /C:/Users/DTI/Desktop/UNIR/FULL-STACK/ACTIVIDAD3/ms-book-catalogue/src/test/java/Test.java:[1,136] illegal character: '\u0000'
[ERROR] /C:/Users/DTI/Desktop/UNIR/FULL-STACK/ACTIVIDAD3/ms-book-catalogue/src/test/java/Test.java:[1,144] illegal character: '\u0000'
[ERROR] /C:/Users/DTI/Desktop/UNIR/FULL-STACK/ACTIVIDAD3/ms-book-catalogue/src/test/java/Test.java:[1,194] illegal character: '\u0000'
[ERROR] /C:/Users/DTI/Desktop/UNIR/FULL-STACK/ACTIVIDAD3/ms-book-catalogue/src/test/java/Test.java:[1,196] illegal character: '\u0000'
[ERROR] /C:/Users/DTI/Desktop/UNIR/FULL-STACK/ACTIVIDAD3/ms-book-catalogue/src/test/java/Test.java:[1,197] class, interface, enum, or record expected
[ERROR] /C:/Users/DTI/Desktop/UNIR/FULL-STACK/ACTIVIDAD3/ms-book-catalogue/src/test/java/Test.java:[1,210] illegal character: '\u0000'
[ERROR] /C:/Users/DTI/Desktop/UNIR/FULL-STACK/ACTIVIDAD3/ms-book-catalogue/src/test/java/Test.java:[1,220] illegal character: '\u0000'
[ERROR] /C:/Users/DTI/Desktop/UNIR/FULL-STACK/ACTIVIDAD3/ms-book-catalogue/src/test/java/Test.java:[1,230] illegal character: '\u0000'
[ERROR] /C:/Users/DTI/Desktop/UNIR/FULL-STACK/ACTIVIDAD3/ms-book-catalogue/src/test/java/Test.java:[1,246] illegal character: '\u0000'
[ERROR] /C:/Users/DTI/Desktop/UNIR/FULL-STACK/ACTIVIDAD3/ms-book-catalogue/src/test/java/Test.java:[1,260] illegal character: '\u0000'
[ERROR] /C:/Users/DTI/Desktop/UNIR/FULL-STACK/ACTIVIDAD3/ms-book-catalogue/src/test/java/Test.java:[1,262] illegal character: '\u0000'
[ERROR] /C:/Users/DTI/Desktop/UNIR/FULL-STACK/ACTIVIDAD3/ms-book-catalogue/src/test/java/Test.java:[1,276] illegal character: '\u0000'
[ERROR] /C:/Users/DTI/Desktop/UNIR/FULL-STACK/ACTIVIDAD3/ms-book-catalogue/src/test/java/Test.java:[1,288] illegal character: '\u0000'
[ERROR] /C:/Users/DTI/Desktop/UNIR/FULL-STACK/ACTIVIDAD3/ms-book-catalogue/src/test/java/Test.java:[1,298] illegal character: '\u0000'
[ERROR] /C:/Users/DTI/Desktop/UNIR/FULL-STACK/ACTIVIDAD3/ms-book-catalogue/src/test/java/Test.java:[1,300] illegal character: '\u0000'
[ERROR] /C:/Users/DTI/Desktop/UNIR/FULL-STACK/ACTIVIDAD3/ms-book-catalogue/src/test/java/Test.java:[1,302] illegal character: '\u0000'
[ERROR] /C:/Users/DTI/Desktop/UNIR/FULL-STACK/ACTIVIDAD3/ms-book-catalogue/src/test/java/Test.java:[1,303] repeated modifier
[ERROR] /C:/Users/DTI/Desktop/UNIR/FULL-STACK/ACTIVIDAD3/ms-book-catalogue/src/test/java/Test.java:[1,316] illegal character: '\u0000'
[ERROR] /C:/Users/DTI/Desktop/UNIR/FULL-STACK/ACTIVIDAD3/ms-book-catalogue/src/test/java/Test.java:[1,330] illegal character: '\u0000'
[ERROR] /C:/Users/DTI/Desktop/UNIR/FULL-STACK/ACTIVIDAD3/ms-book-catalogue/src/test/java/Test.java:[1,340] illegal character: '\u0000'
[ERROR] /C:/Users/DTI/Desktop/UNIR/FULL-STACK/ACTIVIDAD3/ms-book-catalogue/src/test/java/Test.java:[1,349] class, interface, enum, or record expected
[ERROR] /C:/Users/DTI/Desktop/UNIR/FULL-STACK/ACTIVIDAD3/ms-book-catalogue/src/test/java/Test.java:[1,350] illegal character: '\u0000'
[ERROR] /C:/Users/DTI/Desktop/UNIR/FULL-STACK/ACTIVIDAD3/ms-book-catalogue/src/test/java/Test.java:[1,364] illegal character: '\u0000'
[ERROR] /C:/Users/DTI/Desktop/UNIR/FULL-STACK/ACTIVIDAD3/ms-book-catalogue/src/test/java/Test.java:[1,366] illegal character: '\u0000'
[ERROR] /C:/Users/DTI/Desktop/UNIR/FULL-STACK/ACTIVIDAD3/ms-book-catalogue/src/test/java/Test.java:[1,368] illegal character: '\u0000'
[ERROR] /C:/Users/DTI/Desktop/UNIR/FULL-STACK/ACTIVIDAD3/ms-book-catalogue/src/test/java/Test.java:[1,378] illegal character: '\u0000'
[ERROR] /C:/Users/DTI/Desktop/UNIR/FULL-STACK/ACTIVIDAD3/ms-book-catalogue/src/test/java/Test.java:[1,380] illegal character: '\u0000'
[ERROR] /C:/Users/DTI/Desktop/UNIR/FULL-STACK/ACTIVIDAD3/ms-book-catalogue/src/test/java/Test.java:[1,382] illegal character: '\u0000'
[ERROR] /C:/Users/DTI/Desktop/UNIR/FULL-STACK/ACTIVIDAD3/ms-book-catalogue/src/test/java/Test.java:[1,384] illegal character: '\u0000'
[ERROR] /C:/Users/DTI/Desktop/UNIR/FULL-STACK/ACTIVIDAD3/ms-book-catalogue/src/test/java/Test.java:[1,392] illegal character: '\u0000'
[ERROR] /C:/Users/DTI/Desktop/UNIR/FULL-STACK/ACTIVIDAD3/ms-book-catalogue/src/test/java/Test.java:[1,394] illegal character: '\u0000'
[ERROR] /C:/Users/DTI/Desktop/UNIR/FULL-STACK/ACTIVIDAD3/ms-book-catalogue/src/test/java/Test.java:[1,408] illegal character: '\u0000'
[ERROR] /C:/Users/DTI/Desktop/UNIR/FULL-STACK/ACTIVIDAD3/ms-book-catalogue/src/test/java/Test.java:[1,412] illegal character: '\u0000'
[ERROR] /C:/Users/DTI/Desktop/UNIR/FULL-STACK/ACTIVIDAD3/ms-book-catalogue/src/test/java/Test.java:[1,414] illegal character: '\u0000'
[ERROR] /C:/Users/DTI/Desktop/UNIR/FULL-STACK/ACTIVIDAD3/ms-book-catalogue/src/test/java/Test.java:[1,416] illegal character: '\u0000'
[ERROR] /C:/Users/DTI/Desktop/UNIR/FULL-STACK/ACTIVIDAD3/ms-book-catalogue/src/test/java/Test.java:[1,466] illegal character: '\u0000'
[ERROR] /C:/Users/DTI/Desktop/UNIR/FULL-STACK/ACTIVIDAD3/ms-book-catalogue/src/test/java/Test.java:[1,477] <identifier> expected
[ERROR] /C:/Users/DTI/Desktop/UNIR/FULL-STACK/ACTIVIDAD3/ms-book-catalogue/src/test/java/Test.java:[1,478] illegal character: '\u0000'
[ERROR] /C:/Users/DTI/Desktop/UNIR/FULL-STACK/ACTIVIDAD3/ms-book-catalogue/src/test/java/Test.java:[1,500] illegal character: '\u0000'
[ERROR] /C:/Users/DTI/Desktop/UNIR/FULL-STACK/ACTIVIDAD3/ms-book-catalogue/src/test/java/Test.java:[1,502] illegal character: '\u0000'
[ERROR] /C:/Users/DTI/Desktop/UNIR/FULL-STACK/ACTIVIDAD3/ms-book-catalogue/src/test/java/Test.java:[1,504] illegal character: '\u0000'
[ERROR] /C:/Users/DTI/Desktop/UNIR/FULL-STACK/ACTIVIDAD3/ms-book-catalogue/src/test/java/Test.java:[1,506] illegal character: '\u0000'
[ERROR] /C:/Users/DTI/Desktop/UNIR/FULL-STACK/ACTIVIDAD3/ms-book-catalogue/src/test/java/Test.java:[1,508] illegal character: '\u0000'
[ERROR] /C:/Users/DTI/Desktop/UNIR/FULL-STACK/ACTIVIDAD3/ms-book-catalogue/src/test/java/Test.java:[1,510] illegal character: '\u0000'
[ERROR] /C:/Users/DTI/Desktop/UNIR/FULL-STACK/ACTIVIDAD3/ms-book-catalogue/src/test/java/Test.java:[1,524] illegal character: '\u0000'
[ERROR] /C:/Users/DTI/Desktop/UNIR/FULL-STACK/ACTIVIDAD3/ms-book-catalogue/src/test/java/Test.java:[1,532] illegal character: '\u0000'
[ERROR] /C:/Users/DTI/Desktop/UNIR/FULL-STACK/ACTIVIDAD3/ms-book-catalogue/src/test/java/Test.java:[1,533] invalid method declaration; return type required
[ERROR] /C:/Users/DTI/Desktop/UNIR/FULL-STACK/ACTIVIDAD3/ms-book-catalogue/src/test/java/Test.java:[1,548] illegal character: '\u0000'
[ERROR] /C:/Users/DTI/Desktop/UNIR/FULL-STACK/ACTIVIDAD3/ms-book-catalogue/src/test/java/Test.java:[1,551] illegal start of type
[ERROR] /C:/Users/DTI/Desktop/UNIR/FULL-STACK/ACTIVIDAD3/ms-book-catalogue/src/test/java/Test.java:[1,552] illegal character: '\u0000'
[ERROR] /C:/Users/DTI/Desktop/UNIR/FULL-STACK/ACTIVIDAD3/ms-book-catalogue/src/test/java/Test.java:[1,568] illegal character: '\u0000'
[ERROR] /C:/Users/DTI/Desktop/UNIR/FULL-STACK/ACTIVIDAD3/ms-book-catalogue/src/test/java/Test.java:[1,570] illegal character: '\u0000'
[ERROR] /C:/Users/DTI/Desktop/UNIR/FULL-STACK/ACTIVIDAD3/ms-book-catalogue/src/test/java/Test.java:[1,572] illegal character: '\u0000'
[ERROR] /C:/Users/DTI/Desktop/UNIR/FULL-STACK/ACTIVIDAD3/ms-book-catalogue/src/test/java/Test.java:[1,574] illegal character: '\u0000'
[ERROR] /C:/Users/DTI/Desktop/UNIR/FULL-STACK/ACTIVIDAD3/ms-book-catalogue/src/test/java/Test.java:[1,576] illegal character: '\u0000'
[ERROR] /C:/Users/DTI/Desktop/UNIR/FULL-STACK/ACTIVIDAD3/ms-book-catalogue/src/test/java/Test.java:[1,577] illegal start of type
[ERROR] /C:/Users/DTI/Desktop/UNIR/FULL-STACK/ACTIVIDAD3/ms-book-catalogue/src/test/java/Test.java:[1,578] illegal character: '\u0000'
[ERROR] /C:/Users/DTI/Desktop/UNIR/FULL-STACK/ACTIVIDAD3/ms-book-catalogue/src/test/java/Test.java:[1,580] illegal character: '\u0000'
[ERROR] /C:/Users/DTI/Desktop/UNIR/FULL-STACK/ACTIVIDAD3/ms-book-catalogue/src/test/java/Test.java:[1,581] class, interface, enum, or record expected
[ERROR] /C:/Users/DTI/Desktop/UNIR/FULL-STACK/ACTIVIDAD3/ms-book-catalogue/src/test/java/Test.java:[1,582] illegal character: '\u0000'
[ERROR] /C:/Users/DTI/Desktop/UNIR/FULL-STACK/ACTIVIDAD3/ms-book-catalogue/src/test/java/Test.java:[1,584] illegal character: '\u0000'
[ERROR] /C:/Users/DTI/Desktop/UNIR/FULL-STACK/ACTIVIDAD3/ms-book-catalogue/src/test/java/Test.java:[1,586] illegal character: '\u0000'
[ERROR] /C:/Users/DTI/Desktop/UNIR/FULL-STACK/ACTIVIDAD3/ms-book-catalogue/src/test/java/Test.java:[2,1] illegal character: '\u0000'
[ERROR] /C:/Users/DTI/Desktop/UNIR/FULL-STACK/ACTIVIDAD3/ms-book-catalogue/src/test/java/Test.java:[3,1] illegal character: '\u0000'
[INFO] 78 errors 
[INFO] -------------------------------------------------------------
[INFO] ------------------------------------------------------------------------
[INFO] BUILD FAILURE
[INFO] ------------------------------------------------------------------------
[INFO] Total time:  6.049 s
[INFO] Finished at: 2026-02-24T07:01:18-05:00
[INFO] ------------------------------------------------------------------------
[ERROR] Failed to execute goal org.apache.maven.plugins:maven-compiler-plugin:3.11.0:testCompile (default-testCompile) on project ms-book-catalogue: Compilation failure: Compilation failure: 
[ERROR] /C:/Users/DTI/Desktop/UNIR/FULL-STACK/ACTIVIDAD3/ms-book-catalogue/src/test/java/Test.java:[1,1] unmappable character (0xFF) for encoding UTF-8
[ERROR] /C:/Users/DTI/Desktop/UNIR/FULL-STACK/ACTIVIDAD3/ms-book-catalogue/src/test/java/Test.java:[1,2] unmappable character (0xFE) for encoding UTF-8
[ERROR] /C:/Users/DTI/Desktop/UNIR/FULL-STACK/ACTIVIDAD3/ms-book-catalogue/src/test/java/Test.java:[1,1] illegal character: '\ufffd'
[ERROR] /C:/Users/DTI/Desktop/UNIR/FULL-STACK/ACTIVIDAD3/ms-book-catalogue/src/test/java/Test.java:[1,2] illegal character: '\ufffd'
[ERROR] /C:/Users/DTI/Desktop/UNIR/FULL-STACK/ACTIVIDAD3/ms-book-catalogue/src/test/java/Test.java:[1,3] class, interface, enum, or record expected
[ERROR] /C:/Users/DTI/Desktop/UNIR/FULL-STACK/ACTIVIDAD3/ms-book-catalogue/src/test/java/Test.java:[1,18] illegal character: '\u0000'
[ERROR] /C:/Users/DTI/Desktop/UNIR/FULL-STACK/ACTIVIDAD3/ms-book-catalogue/src/test/java/Test.java:[1,28] illegal character: '\u0000'
[ERROR] /C:/Users/DTI/Desktop/UNIR/FULL-STACK/ACTIVIDAD3/ms-book-catalogue/src/test/java/Test.java:[1,30] illegal character: '\u0000'
[ERROR] /C:/Users/DTI/Desktop/UNIR/FULL-STACK/ACTIVIDAD3/ms-book-catalogue/src/test/java/Test.java:[1,31] class, interface, enum, or record expected
[ERROR] /C:/Users/DTI/Desktop/UNIR/FULL-STACK/ACTIVIDAD3/ms-book-catalogue/src/test/java/Test.java:[1,44] illegal character: '\u0000'
[ERROR] /C:/Users/DTI/Desktop/UNIR/FULL-STACK/ACTIVIDAD3/ms-book-catalogue/src/test/java/Test.java:[1,52] illegal character: '\u0000'
[ERROR] /C:/Users/DTI/Desktop/UNIR/FULL-STACK/ACTIVIDAD3/ms-book-catalogue/src/test/java/Test.java:[1,84] illegal character: '\u0000'
[ERROR] /C:/Users/DTI/Desktop/UNIR/FULL-STACK/ACTIVIDAD3/ms-book-catalogue/src/test/java/Test.java:[1,94] illegal character: '\u0000'
[ERROR] /C:/Users/DTI/Desktop/UNIR/FULL-STACK/ACTIVIDAD3/ms-book-catalogue/src/test/java/Test.java:[1,122] illegal character: '\u0000'
[ERROR] /C:/Users/DTI/Desktop/UNIR/FULL-STACK/ACTIVIDAD3/ms-book-catalogue/src/test/java/Test.java:[1,136] illegal character: '\u0000'
[ERROR] /C:/Users/DTI/Desktop/UNIR/FULL-STACK/ACTIVIDAD3/ms-book-catalogue/src/test/java/Test.java:[1,144] illegal character: '\u0000'
[ERROR] /C:/Users/DTI/Desktop/UNIR/FULL-STACK/ACTIVIDAD3/ms-book-catalogue/src/test/java/Test.java:[1,194] illegal character: '\u0000'
[ERROR] /C:/Users/DTI/Desktop/UNIR/FULL-STACK/ACTIVIDAD3/ms-book-catalogue/src/test/java/Test.java:[1,196] illegal character: '\u0000'
[ERROR] /C:/Users/DTI/Desktop/UNIR/FULL-STACK/ACTIVIDAD3/ms-book-catalogue/src/test/java/Test.java:[1,197] class, interface, enum, or record expected
[ERROR] /C:/Users/DTI/Desktop/UNIR/FULL-STACK/ACTIVIDAD3/ms-book-catalogue/src/test/java/Test.java:[1,210] illegal character: '\u0000'
[ERROR] /C:/Users/DTI/Desktop/UNIR/FULL-STACK/ACTIVIDAD3/ms-book-catalogue/src/test/java/Test.java:[1,220] illegal character: '\u0000'
[ERROR] /C:/Users/DTI/Desktop/UNIR/FULL-STACK/ACTIVIDAD3/ms-book-catalogue/src/test/java/Test.java:[1,230] illegal character: '\u0000'
[ERROR] /C:/Users/DTI/Desktop/UNIR/FULL-STACK/ACTIVIDAD3/ms-book-catalogue/src/test/java/Test.java:[1,246] illegal character: '\u0000'
[ERROR] /C:/Users/DTI/Desktop/UNIR/FULL-STACK/ACTIVIDAD3/ms-book-catalogue/src/test/java/Test.java:[1,260] illegal character: '\u0000'
[ERROR] /C:/Users/DTI/Desktop/UNIR/FULL-STACK/ACTIVIDAD3/ms-book-catalogue/src/test/java/Test.java:[1,262] illegal character: '\u0000'
[ERROR] /C:/Users/DTI/Desktop/UNIR/FULL-STACK/ACTIVIDAD3/ms-book-catalogue/src/test/java/Test.java:[1,276] illegal character: '\u0000'
[ERROR] /C:/Users/DTI/Desktop/UNIR/FULL-STACK/ACTIVIDAD3/ms-book-catalogue/src/test/java/Test.java:[1,288] illegal character: '\u0000'
[ERROR] /C:/Users/DTI/Desktop/UNIR/FULL-STACK/ACTIVIDAD3/ms-book-catalogue/src/test/java/Test.java:[1,298] illegal character: '\u0000'
[ERROR] /C:/Users/DTI/Desktop/UNIR/FULL-STACK/ACTIVIDAD3/ms-book-catalogue/src/test/java/Test.java:[1,300] illegal character: '\u0000'
[ERROR] /C:/Users/DTI/Desktop/UNIR/FULL-STACK/ACTIVIDAD3/ms-book-catalogue/src/test/java/Test.java:[1,302] illegal character: '\u0000'
[ERROR] /C:/Users/DTI/Desktop/UNIR/FULL-STACK/ACTIVIDAD3/ms-book-catalogue/src/test/java/Test.java:[1,303] repeated modifier
[ERROR] /C:/Users/DTI/Desktop/UNIR/FULL-STACK/ACTIVIDAD3/ms-book-catalogue/src/test/java/Test.java:[1,316] illegal character: '\u0000'
[ERROR] /C:/Users/DTI/Desktop/UNIR/FULL-STACK/ACTIVIDAD3/ms-book-catalogue/src/test/java/Test.java:[1,330] illegal character: '\u0000'
[ERROR] /C:/Users/DTI/Desktop/UNIR/FULL-STACK/ACTIVIDAD3/ms-book-catalogue/src/test/java/Test.java:[1,340] illegal character: '\u0000'
[ERROR] /C:/Users/DTI/Desktop/UNIR/FULL-STACK/ACTIVIDAD3/ms-book-catalogue/src/test/java/Test.java:[1,349] class, interface, enum, or record expected
[ERROR] /C:/Users/DTI/Desktop/UNIR/FULL-STACK/ACTIVIDAD3/ms-book-catalogue/src/test/java/Test.java:[1,350] illegal character: '\u0000'
[ERROR] /C:/Users/DTI/Desktop/UNIR/FULL-STACK/ACTIVIDAD3/ms-book-catalogue/src/test/java/Test.java:[1,364] illegal character: '\u0000'
[ERROR] /C:/Users/DTI/Desktop/UNIR/FULL-STACK/ACTIVIDAD3/ms-book-catalogue/src/test/java/Test.java:[1,366] illegal character: '\u0000'
[ERROR] /C:/Users/DTI/Desktop/UNIR/FULL-STACK/ACTIVIDAD3/ms-book-catalogue/src/test/java/Test.java:[1,368] illegal character: '\u0000'
[ERROR] /C:/Users/DTI/Desktop/UNIR/FULL-STACK/ACTIVIDAD3/ms-book-catalogue/src/test/java/Test.java:[1,378] illegal character: '\u0000'
[ERROR] /C:/Users/DTI/Desktop/UNIR/FULL-STACK/ACTIVIDAD3/ms-book-catalogue/src/test/java/Test.java:[1,380] illegal character: '\u0000'
[ERROR] /C:/Users/DTI/Desktop/UNIR/FULL-STACK/ACTIVIDAD3/ms-book-catalogue/src/test/java/Test.java:[1,382] illegal character: '\u0000'
[ERROR] /C:/Users/DTI/Desktop/UNIR/FULL-STACK/ACTIVIDAD3/ms-book-catalogue/src/test/java/Test.java:[1,384] illegal character: '\u0000'
[ERROR] /C:/Users/DTI/Desktop/UNIR/FULL-STACK/ACTIVIDAD3/ms-book-catalogue/src/test/java/Test.java:[1,392] illegal character: '\u0000'
[ERROR] /C:/Users/DTI/Desktop/UNIR/FULL-STACK/ACTIVIDAD3/ms-book-catalogue/src/test/java/Test.java:[1,394] illegal character: '\u0000'
[ERROR] /C:/Users/DTI/Desktop/UNIR/FULL-STACK/ACTIVIDAD3/ms-book-catalogue/src/test/java/Test.java:[1,408] illegal character: '\u0000'
[ERROR] /C:/Users/DTI/Desktop/UNIR/FULL-STACK/ACTIVIDAD3/ms-book-catalogue/src/test/java/Test.java:[1,412] illegal character: '\u0000'
[ERROR] /C:/Users/DTI/Desktop/UNIR/FULL-STACK/ACTIVIDAD3/ms-book-catalogue/src/test/java/Test.java:[1,414] illegal character: '\u0000'
[ERROR] /C:/Users/DTI/Desktop/UNIR/FULL-STACK/ACTIVIDAD3/ms-book-catalogue/src/test/java/Test.java:[1,416] illegal character: '\u0000'
[ERROR] /C:/Users/DTI/Desktop/UNIR/FULL-STACK/ACTIVIDAD3/ms-book-catalogue/src/test/java/Test.java:[1,466] illegal character: '\u0000'
[ERROR] /C:/Users/DTI/Desktop/UNIR/FULL-STACK/ACTIVIDAD3/ms-book-catalogue/src/test/java/Test.java:[1,477] <identifier> expected
[ERROR] /C:/Users/DTI/Desktop/UNIR/FULL-STACK/ACTIVIDAD3/ms-book-catalogue/src/test/java/Test.java:[1,478] illegal character: '\u0000'
[ERROR] /C:/Users/DTI/Desktop/UNIR/FULL-STACK/ACTIVIDAD3/ms-book-catalogue/src/test/java/Test.java:[1,500] illegal character: '\u0000'
[ERROR] /C:/Users/DTI/Desktop/UNIR/FULL-STACK/ACTIVIDAD3/ms-book-catalogue/src/test/java/Test.java:[1,502] illegal character: '\u0000'
[ERROR] /C:/Users/DTI/Desktop/UNIR/FULL-STACK/ACTIVIDAD3/ms-book-catalogue/src/test/java/Test.java:[1,504] illegal character: '\u0000'
[ERROR] /C:/Users/DTI/Desktop/UNIR/FULL-STACK/ACTIVIDAD3/ms-book-catalogue/src/test/java/Test.java:[1,506] illegal character: '\u0000'
[ERROR] /C:/Users/DTI/Desktop/UNIR/FULL-STACK/ACTIVIDAD3/ms-book-catalogue/src/test/java/Test.java:[1,508] illegal character: '\u0000'
[ERROR] /C:/Users/DTI/Desktop/UNIR/FULL-STACK/ACTIVIDAD3/ms-book-catalogue/src/test/java/Test.java:[1,510] illegal character: '\u0000'
[ERROR] /C:/Users/DTI/Desktop/UNIR/FULL-STACK/ACTIVIDAD3/ms-book-catalogue/src/test/java/Test.java:[1,524] illegal character: '\u0000'
[ERROR] /C:/Users/DTI/Desktop/UNIR/FULL-STACK/ACTIVIDAD3/ms-book-catalogue/src/test/java/Test.java:[1,532] illegal character: '\u0000'
[ERROR] /C:/Users/DTI/Desktop/UNIR/FULL-STACK/ACTIVIDAD3/ms-book-catalogue/src/test/java/Test.java:[1,533] invalid method declaration; return type required
[ERROR] /C:/Users/DTI/Desktop/UNIR/FULL-STACK/ACTIVIDAD3/ms-book-catalogue/src/test/java/Test.java:[1,548] illegal character: '\u0000'
[ERROR] /C:/Users/DTI/Desktop/UNIR/FULL-STACK/ACTIVIDAD3/ms-book-catalogue/src/test/java/Test.java:[1,551] illegal start of type
[ERROR] /C:/Users/DTI/Desktop/UNIR/FULL-STACK/ACTIVIDAD3/ms-book-catalogue/src/test/java/Test.java:[1,552] illegal character: '\u0000'
[ERROR] /C:/Users/DTI/Desktop/UNIR/FULL-STACK/ACTIVIDAD3/ms-book-catalogue/src/test/java/Test.java:[1,568] illegal character: '\u0000'
[ERROR] /C:/Users/DTI/Desktop/UNIR/FULL-STACK/ACTIVIDAD3/ms-book-catalogue/src/test/java/Test.java:[1,570] illegal character: '\u0000'
[ERROR] /C:/Users/DTI/Desktop/UNIR/FULL-STACK/ACTIVIDAD3/ms-book-catalogue/src/test/java/Test.java:[1,572] illegal character: '\u0000'
[ERROR] /C:/Users/DTI/Desktop/UNIR/FULL-STACK/ACTIVIDAD3/ms-book-catalogue/src/test/java/Test.java:[1,574] illegal character: '\u0000'
[ERROR] /C:/Users/DTI/Desktop/UNIR/FULL-STACK/ACTIVIDAD3/ms-book-catalogue/src/test/java/Test.java:[1,576] illegal character: '\u0000'
[ERROR] /C:/Users/DTI/Desktop/UNIR/FULL-STACK/ACTIVIDAD3/ms-book-catalogue/src/test/java/Test.java:[1,577] illegal start of type
[ERROR] /C:/Users/DTI/Desktop/UNIR/FULL-STACK/ACTIVIDAD3/ms-book-catalogue/src/test/java/Test.java:[1,578] illegal character: '\u0000'
[ERROR] /C:/Users/DTI/Desktop/UNIR/FULL-STACK/ACTIVIDAD3/ms-book-catalogue/src/test/java/Test.java:[1,580] illegal character: '\u0000'
[ERROR] /C:/Users/DTI/Desktop/UNIR/FULL-STACK/ACTIVIDAD3/ms-book-catalogue/src/test/java/Test.java:[1,581] class, interface, enum, or record expected
[ERROR] /C:/Users/DTI/Desktop/UNIR/FULL-STACK/ACTIVIDAD3/ms-book-catalogue/src/test/java/Test.java:[1,582] illegal character: '\u0000'
[ERROR] /C:/Users/DTI/Desktop/UNIR/FULL-STACK/ACTIVIDAD3/ms-book-catalogue/src/test/java/Test.java:[1,584] illegal character: '\u0000'
[ERROR] /C:/Users/DTI/Desktop/UNIR/FULL-STACK/ACTIVIDAD3/ms-book-catalogue/src/test/java/Test.java:[1,586] illegal character: '\u0000'
[ERROR] /C:/Users/DTI/Desktop/UNIR/FULL-STACK/ACTIVIDAD3/ms-book-catalogue/src/test/java/Test.java:[2,1] illegal character: '\u0000'
[ERROR] /C:/Users/DTI/Desktop/UNIR/FULL-STACK/ACTIVIDAD3/ms-book-catalogue/src/test/java/Test.java:[3,1] illegal character: '\u0000'
[ERROR] -> [Help 1]
[ERROR] 
[ERROR] To see the full stack trace of the errors, re-run Maven with the -e switch.
[ERROR] Re-run Maven using the -X switch to enable full debug logging.
[ERROR] 
[ERROR] For more information about the errors and possible solutions, please read the following articles:
[ERROR] [Help 1] http://cwiki.apache.org/confluence/display/MAVEN/MojoFailureException
